<?xml version="1.0" encoding="UTF-8"?>
<!-- Generated by org.testng.reporters.JUnitReportReporter -->
<testsuite hostname="SeenaReddy" failures="0" tests="1" name="testNG.TDD" time="16.208" errors="0" timestamp="2022-11-22T20:26:15 CST" skipped="0">
  <testcase classname="testNG.TDD" name="f" time="16.208"/>
  <system-out/>
</testsuite> <!-- testNG.TDD -->
