<?xml version="1.0" encoding="UTF-8"?>
<!-- Generated by org.testng.reporters.JUnitReportReporter -->
<testsuite hostname="SeenaReddy" failures="0" tests="4" name="testNG.CrossBrowserTesting" time="8.116" errors="0" timestamp="2022-11-23T20:25:56 CST" skipped="0">
  <testcase classname="testNG.CrossBrowserTesting" name="f" time="1.895"/>
  <system-out/>
  <testcase classname="testNG.CrossBrowserTesting" name="f" time="2.947"/>
  <system-out/>
  <testcase classname="testNG.CrossBrowserTesting" name="f" time="1.021"/>
  <system-out/>
  <testcase classname="testNG.CrossBrowserTesting" name="f" time="2.253"/>
  <system-out/>
</testsuite> <!-- testNG.CrossBrowserTesting -->
