<?xml version="1.0" encoding="UTF-8"?>
<!-- Generated by org.testng.reporters.JUnitReportReporter -->
<testsuite hostname="SeenaReddy" failures="0" tests="3" name="testNG.AnnotationsSample2" time="0.014" errors="0" timestamp="2022-11-22T20:26:15 CST" skipped="0">
  <testcase classname="testNG.AnnotationsSample2" name="p" time="0.001"/>
  <system-out/>
  <testcase classname="testNG.AnnotationsSample2" name="k" time="0.002"/>
  <system-out/>
  <testcase classname="testNG.AnnotationsSample2" name="b" time="0.011"/>
  <system-out/>
</testsuite> <!-- testNG.AnnotationsSample2 -->
