<?xml version="1.0" encoding="UTF-8"?>
<!-- Generated by org.testng.reporters.JUnitReportReporter -->
<testsuite hostname="SeenaReddy" failures="0" tests="1" name="testNG.HeadLessBrowserExecution" time="2.237" errors="0" timestamp="2022-11-23T20:28:14 CST" skipped="0">
  <testcase classname="testNG.HeadLessBrowserExecution" name="f" time="2.237"/>
  <system-out/>
</testsuite> <!-- testNG.HeadLessBrowserExecution -->
