<?xml version="1.0" encoding="UTF-8"?>
<!-- Generated by org.testng.reporters.JUnitReportReporter -->
<testsuite hostname="SeenaReddy" failures="0" tests="1" name="testNG.FB_login1" time="1.367" errors="0" timestamp="2022-11-22T20:26:15 CST" skipped="0">
  <testcase classname="testNG.FB_login1" name="f" time="1.367"/>
  <system-out/>
</testsuite> <!-- testNG.FB_login1 -->
