<?xml version="1.0" encoding="UTF-8"?>
<!-- Generated by org.testng.reporters.JUnitReportReporter -->
<testsuite hostname="SeenaReddy" failures="0" tests="3" name="testNG.AnnotationsSample3" time="0.008" errors="0" timestamp="2022-11-22T20:26:15 CST" skipped="0">
  <testcase classname="testNG.AnnotationsSample3" name="e" time="0.002"/>
  <system-out/>
  <testcase classname="testNG.AnnotationsSample3" name="k" time="0.003"/>
  <system-out/>
  <testcase classname="testNG.AnnotationsSample3" name="b" time="0.003"/>
  <system-out/>
</testsuite> <!-- testNG.AnnotationsSample3 -->
